Using pre-set license
Built from '2020.3/staging' branch; Version is '2020.3.41f1 (7c19dc9acfda) revision 8133084'; Using compiler version '192528614'; Build Type 'Release'
OS: 'Windows 11  (10.0.22621) 64bit Professional' Language: 'zh' Physical Memory: 32581 MB
BatchMode: 1, IsHumanControllingUs: 0, StartBugReporterOnCrash: 0, Is64bit: 1, IsPro: 0

COMMAND LINE ARGUMENTS:
C:\Program Files\Unity\Hub\Editor\2020.3.41f1\Editor\Unity.exe
-adb2
-batchMode
-noUpm
-name
AssetImportWorker0
-projectPath
E:/github/CharactorDemo
-logFile
Logs/AssetImportWorker0.log
-srvPort
14789
Successfully changed project path to: E:/github/CharactorDemo
E:/github/CharactorDemo
Using Asset Import Pipeline V2.
Refreshing native plugins compatible for Editor in 68.29 ms, found 3 plugins.
Preloading 0 native plugins for Editor in 0.00 ms.
Initialize engine version: 2020.3.41f1 (7c19dc9acfda)
[Subsystems] Discovering subsystems at path C:/Program Files/Unity/Hub/Editor/2020.3.41f1/Editor/Data/Resources/UnitySubsystems
[Subsystems] Discovering subsystems at path E:/github/CharactorDemo/Assets
GfxDevice: creating device client; threaded=0
Direct3D:
    Version:  Direct3D 11.0 [level 11.1]
    Renderer: NVIDIA GeForce RTX 3060 Ti (ID=0x24c9)
    Vendor:   
    VRAM:     8050 MB
    Driver:   31.0.15.2225
Initialize mono
Mono path[0] = 'C:/Program Files/Unity/Hub/Editor/2020.3.41f1/Editor/Data/Managed'
Mono path[1] = 'C:/Program Files/Unity/Hub/Editor/2020.3.41f1/Editor/Data/MonoBleedingEdge/lib/mono/unityjit'
Mono config path = 'C:/Program Files/Unity/Hub/Editor/2020.3.41f1/Editor/Data/MonoBleedingEdge/etc'
Using monoOptions --debugger-agent=transport=dt_socket,embedding=1,server=y,suspend=n,address=127.0.0.1:56104
Begin MonoManager ReloadAssembly
Registering precompiled unity dll's ...
Register platform support module: C:/Program Files/Unity/Hub/Editor/2020.3.41f1/Editor/Data/PlaybackEngines/WindowsStandaloneSupport/UnityEditor.WindowsStandalone.Extensions.dll
Registered in 0.001074 seconds.
Native extension for WindowsStandalone target not found
Refreshing native plugins compatible for Editor in 65.71 ms, found 3 plugins.
Preloading 0 native plugins for Editor in 0.00 ms.
Mono: successfully reloaded assembly
- Completed reload, in  0.471 seconds
Domain Reload Profiling:
	ReloadAssembly (471ms)
		BeginReloadAssembly (41ms)
			ExecutionOrderSort (0ms)
			DisableScriptedObjects (0ms)
			BackupInstance (0ms)
			ReleaseScriptingObjects (0ms)
			CreateAndSetChildDomain (1ms)
		EndReloadAssembly (375ms)
			LoadAssemblies (40ms)
			RebuildTransferFunctionScriptingTraits (0ms)
			SetupTypeCache (114ms)
			ReleaseScriptCaches (0ms)
			RebuildScriptCaches (21ms)
			SetupLoadedEditorAssemblies (166ms)
				LogAssemblyErrors (0ms)
				InitializePlatformSupportModulesInManaged (4ms)
				SetLoadedEditorAssemblies (0ms)
				RefreshPlugins (66ms)
				BeforeProcessingInitializeOnLoad (12ms)
				ProcessInitializeOnLoadAttributes (62ms)
				ProcessInitializeOnLoadMethodAttributes (22ms)
				AfterProcessingInitializeOnLoad (0ms)
				EditorAssembliesLoaded (0ms)
			ExecutionOrderSort2 (0ms)
			AwakeInstancesAfterBackupRestoration (0ms)
Platform modules already initialized, skipping
Registering precompiled user dll's ...
Registered in 0.003354 seconds.
Begin MonoManager ReloadAssembly
Script error: OnTriggerEnter2D
This message parameter has to be of type: Collider2D
The message will be ignored.
Script error: OnTriggerExit2D
This message parameter has to be of type: Collider2D
The message will be ignored.
Native extension for WindowsStandalone target not found
Refreshing native plugins compatible for Editor in 57.52 ms, found 3 plugins.
Preloading 0 native plugins for Editor in 0.00 ms.
Mono: successfully reloaded assembly
- Completed reload, in  0.819 seconds
Domain Reload Profiling:
	ReloadAssembly (819ms)
		BeginReloadAssembly (81ms)
			ExecutionOrderSort (0ms)
			DisableScriptedObjects (3ms)
			BackupInstance (0ms)
			ReleaseScriptingObjects (0ms)
			CreateAndSetChildDomain (12ms)
		EndReloadAssembly (699ms)
			LoadAssemblies (66ms)
			RebuildTransferFunctionScriptingTraits (0ms)
			SetupTypeCache (209ms)
			ReleaseScriptCaches (0ms)
			RebuildScriptCaches (35ms)
			SetupLoadedEditorAssemblies (322ms)
				LogAssemblyErrors (0ms)
				InitializePlatformSupportModulesInManaged (3ms)
				SetLoadedEditorAssemblies (0ms)
				RefreshPlugins (58ms)
				BeforeProcessingInitializeOnLoad (53ms)
				ProcessInitializeOnLoadAttributes (194ms)
				ProcessInitializeOnLoadMethodAttributes (11ms)
				AfterProcessingInitializeOnLoad (3ms)
				EditorAssembliesLoaded (0ms)
			ExecutionOrderSort2 (0ms)
			AwakeInstancesAfterBackupRestoration (1ms)
Platform modules already initialized, skipping
========================================================================
Worker process is ready to serve import requests
Launched and connected shader compiler UnityShaderCompiler.exe after 0.03 seconds
Refreshing native plugins compatible for Editor in 0.85 ms, found 3 plugins.
Preloading 0 native plugins for Editor in 0.00 ms.
Unloading 2744 Unused Serialized files (Serialized files now loaded: 0)
System memory in use before: 122.8 MB.
System memory in use after: 122.8 MB.

Unloading 55 unused Assets to reduce memory usage. Loaded Objects now: 3184.
Total: 2.466700 ms (FindLiveObjects: 0.239700 ms CreateObjectMapping: 0.075200 ms MarkObjects: 2.043500 ms  DeleteObjects: 0.107600 ms)

AssetImportParameters requested are different than current active one (requested -> active):
  custom:framework-win-MediaFoundation: 216162199b28c13a410421893ffa2e32 -> 
  custom:video-decoder-ogg-theora: a1e56fd34408186e4bbccfd4996cb3dc -> 
  custom:container-muxer-webm: aa71ff27fc2769a1b78a27578f13a17b -> 
  custom:container-demuxer-webm: 4f35f7cbe854078d1ac9338744f61a02 -> 
  custom:container-demuxer-ogg: 62fdf1f143b41e24485cea50d1cbac27 -> 
  custom:video-encoder-webm-vp8: eb34c28f22e8b96e1ab97ce403110664 -> 
  custom:video-codec-MediaFoundation-h265: 746d11721c4dcdbdad8f713fa42b33f4 -> 
  custom:video-decoder-webm-vp8: 9c59270c3fd7afecdb556c50c9e8de78 -> 
  custom:audio-decoder-ogg-vorbis: bf7c407c2cedff20999df2af8eb42d56 -> 
  custom:audio-encoder-webm-vorbis: bf7c407c2cedff20999df2af8eb42d56 -> 
========================================================================
Received Import Request.
  path: Assets/Font/vonwaon-bitmap.ttf/VonwaonBitmap-16px SDF.asset
  artifactKey: Guid(7678181a2618db14a83f198e1f27c03d) Importer(815301076,1909f56bfc062723c751e8b465ee728b)
Start importing Assets/Font/vonwaon-bitmap.ttf/VonwaonBitmap-16px SDF.asset using Guid(7678181a2618db14a83f198e1f27c03d) Importer(815301076,1909f56bfc062723c751e8b465ee728b)  -> (artifact id: 'facc0b9c2b58ed646df2333f07dfdd6b') in 0.691281 seconds 
========================================================================
Received Import Request.
  Time since last request: 0.000257 seconds.
  path: Assets/Font/vonwaon-bitmap.ttf/VonwaonBitmap-12px.ttf
  artifactKey: Guid(92299cded819fe74b9c0582c9891c55b) Importer(815301076,1909f56bfc062723c751e8b465ee728b)
Start importing Assets/Font/vonwaon-bitmap.ttf/VonwaonBitmap-12px.ttf using Guid(92299cded819fe74b9c0582c9891c55b) Importer(815301076,1909f56bfc062723c751e8b465ee728b)  -> (artifact id: 'c7fcfac1498578c1251d5e2d4f4b4994') in 0.042458 seconds 
========================================================================
Received Import Request.
  Time since last request: 0.000147 seconds.
  path: Assets/Font/vonwaon-bitmap.ttf/VonwaonBitmap-16px_copy.png
  artifactKey: Guid(5889549df2112354288c2526ea206a55) Importer(815301076,1909f56bfc062723c751e8b465ee728b)
Start importing Assets/Font/vonwaon-bitmap.ttf/VonwaonBitmap-16px_copy.png using Guid(5889549df2112354288c2526ea206a55) Importer(815301076,1909f56bfc062723c751e8b465ee728b)  -> (artifact id: 'cfd91fcd64112f0351e263c3eb23fc58') in 0.009252 seconds 
========================================================================
Received Import Request.
  Time since last request: 0.000149 seconds.
  path: Assets/Font/vonwaon-bitmap.ttf/VonwaonBitmap-16px.ttf
  artifactKey: Guid(6e7e8f4639f6a2948a8c25c5b00f52f0) Importer(815301076,1909f56bfc062723c751e8b465ee728b)
Start importing Assets/Font/vonwaon-bitmap.ttf/VonwaonBitmap-16px.ttf using Guid(6e7e8f4639f6a2948a8c25c5b00f52f0) Importer(815301076,1909f56bfc062723c751e8b465ee728b)  -> (artifact id: '185f5de513d4fd2a705e8501fa8916b7') in 0.008474 seconds 
========================================================================
Received Import Request.
  Time since last request: 106.710634 seconds.
  path: Assets/Font/vonwaon-bitmap.ttf/zh-cn_Commonly_used.txt
  artifactKey: Guid(4750bb4eff2201e488f90bd7eec79b74) Importer(815301076,1909f56bfc062723c751e8b465ee728b)
Start importing Assets/Font/vonwaon-bitmap.ttf/zh-cn_Commonly_used.txt using Guid(4750bb4eff2201e488f90bd7eec79b74) Importer(815301076,1909f56bfc062723c751e8b465ee728b)  -> (artifact id: '40ae09f28c34522ae2ca08d9c307f91d') in 0.003185 seconds 
========================================================================
Received Import Request.
  Time since last request: 0.930505 seconds.
  path: Assets/Font/vonwaon-bitmap.ttf/zh-tw_Commonly_used.txt
  artifactKey: Guid(258f4f366ec6f2e4e9ee57dab08a82e7) Importer(815301076,1909f56bfc062723c751e8b465ee728b)
Start importing Assets/Font/vonwaon-bitmap.ttf/zh-tw_Commonly_used.txt using Guid(258f4f366ec6f2e4e9ee57dab08a82e7) Importer(815301076,1909f56bfc062723c751e8b465ee728b)  -> (artifact id: '3314adc1bb6eb390ce0b09a3f82f6c85') in 0.001350 seconds 
========================================================================
Received Import Request.
  Time since last request: 22.286549 seconds.
  path: Assets/Font/vonwaon-bitmap.ttf/license.txt
  artifactKey: Guid(db8fedf0c25cd1c4da30aa1ef03dd55e) Importer(815301076,1909f56bfc062723c751e8b465ee728b)
Start importing Assets/Font/vonwaon-bitmap.ttf/license.txt using Guid(db8fedf0c25cd1c4da30aa1ef03dd55e) Importer(815301076,1909f56bfc062723c751e8b465ee728b)  -> (artifact id: '68248e038f61b07dd10f2c74537705da') in 0.001658 seconds 
========================================================================
Received Import Request.
  Time since last request: 66.327541 seconds.
  path: Assets/ArtWorks Download/Mojiex/Game/Data/PlayerInfo/PlayerModel.cs
  artifactKey: Guid(71ef66f8963afcd46b195cff52852d6b) Importer(815301076,1909f56bfc062723c751e8b465ee728b)
Start importing Assets/ArtWorks Download/Mojiex/Game/Data/PlayerInfo/PlayerModel.cs using Guid(71ef66f8963afcd46b195cff52852d6b) Importer(815301076,1909f56bfc062723c751e8b465ee728b)  -> (artifact id: '0195d811468367d63d0527955cd4f30b') in 0.015385 seconds 
========================================================================
Received Import Request.
  Time since last request: 0.398846 seconds.
  path: Assets/ArtWorks Download/Mojiex/Game/Data/PlayerInfo/PlayerInfo.cs
  artifactKey: Guid(6d75fedd43029d7409ce9a59e8a6602e) Importer(815301076,1909f56bfc062723c751e8b465ee728b)
Start importing Assets/ArtWorks Download/Mojiex/Game/Data/PlayerInfo/PlayerInfo.cs using Guid(6d75fedd43029d7409ce9a59e8a6602e) Importer(815301076,1909f56bfc062723c751e8b465ee728b)  -> (artifact id: '80352b5bc9617960226b137fd12accf4') in 0.027274 seconds 
========================================================================
Received Import Request.
  Time since last request: 1280.481513 seconds.
  path: Assets/UI/TextMesh Pro/Fonts
  artifactKey: Guid(6ab70aee4d56447429c680537fbf93ed) Importer(815301076,1909f56bfc062723c751e8b465ee728b)
Start importing Assets/UI/TextMesh Pro/Fonts using Guid(6ab70aee4d56447429c680537fbf93ed) Importer(815301076,1909f56bfc062723c751e8b465ee728b)  -> (artifact id: 'c860dfdf0522eec1202f36843e52d436') in 0.002064 seconds 
========================================================================
Received Import Request.
  Time since last request: 3.935000 seconds.
  path: Assets/UI/TextMesh Pro/Sprites
  artifactKey: Guid(d0603b6d5186471b96c778c3949c7ce2) Importer(815301076,1909f56bfc062723c751e8b465ee728b)
Start importing Assets/UI/TextMesh Pro/Sprites using Guid(d0603b6d5186471b96c778c3949c7ce2) Importer(815301076,1909f56bfc062723c751e8b465ee728b)  -> (artifact id: 'c825b4ecabc52a724fdd8944d5209777') in 0.001358 seconds 
========================================================================
Received Import Request.
  Time since last request: 0.725876 seconds.
  path: Assets/UI/TextMesh Pro/Shaders
  artifactKey: Guid(e9f693669af91aa45ad615fc681ed29f) Importer(815301076,1909f56bfc062723c751e8b465ee728b)
Start importing Assets/UI/TextMesh Pro/Shaders using Guid(e9f693669af91aa45ad615fc681ed29f) Importer(815301076,1909f56bfc062723c751e8b465ee728b)  -> (artifact id: '486066d15e4e2d1f404625b357b63227') in 0.002177 seconds 
========================================================================
Received Import Request.
  Time since last request: 1.791323 seconds.
  path: Assets/UI/TextMesh Pro/Resources
  artifactKey: Guid(243e06394e614e5d99fab26083b707fa) Importer(815301076,1909f56bfc062723c751e8b465ee728b)
Start importing Assets/UI/TextMesh Pro/Resources using Guid(243e06394e614e5d99fab26083b707fa) Importer(815301076,1909f56bfc062723c751e8b465ee728b)  -> (artifact id: '0df7051f5b12f3f69d646d60f9166c36') in 0.027364 seconds 
========================================================================
Received Import Request.
  Time since last request: 0.053376 seconds.
  path: Assets/UI/TextMesh Pro/Resources/TMP Settings.asset
  artifactKey: Guid(3f5b5dff67a942289a9defa416b206f3) Importer(815301076,1909f56bfc062723c751e8b465ee728b)
Start importing Assets/UI/TextMesh Pro/Resources/TMP Settings.asset using Guid(3f5b5dff67a942289a9defa416b206f3) Importer(815301076,1909f56bfc062723c751e8b465ee728b)  -> (artifact id: '80217e6c75f9d2e4957cbc8093faaf48') in 0.018851 seconds 
========================================================================
Received Import Request.
  Time since last request: 2.424424 seconds.
  path: Assets/UI/TextMesh Pro/Documentation
  artifactKey: Guid(8e7e8f5a82a3a134e91c54efd2274ea9) Importer(815301076,1909f56bfc062723c751e8b465ee728b)
Start importing Assets/UI/TextMesh Pro/Documentation using Guid(8e7e8f5a82a3a134e91c54efd2274ea9) Importer(815301076,1909f56bfc062723c751e8b465ee728b)  -> (artifact id: '7f5aa99e36510f23d626084d8be9669f') in 0.002475 seconds 
========================================================================
Received Import Request.
  Time since last request: 0.535670 seconds.
  path: Assets/UI/TextMesh Pro/Examples & Extras
  artifactKey: Guid(ce51c8e33b734b4db6086586558c53a3) Importer(815301076,1909f56bfc062723c751e8b465ee728b)
Start importing Assets/UI/TextMesh Pro/Examples & Extras using Guid(ce51c8e33b734b4db6086586558c53a3) Importer(815301076,1909f56bfc062723c751e8b465ee728b)  -> (artifact id: '3e3cf4d2f68a1ab192bd0aaafbdee761') in 0.001909 seconds 
AssetImportWorkerClient::OnTransportError - code=2 error=End of file
